<?xml version="1.0" encoding="UTF-8"?>
<!-- Generated by org.testng.reporters.JUnitReportReporter -->
<testsuite hostname="DESKTOP-ET6RIT7" failures="0" tests="13" name="NewTest" time="65.877" errors="0" timestamp="2021-04-27T16:08:38 IST" skipped="0">
  <testcase classname="NewTest" name="Test1" time="6.283"/>
  <system-out/>
  <testcase classname="NewTest" name="Test2" time="3.255"/>
  <system-out/>
  <testcase classname="NewTest" name="Test6" time="3.362"/>
  <system-out/>
  <testcase classname="NewTest" name="Test3" time="4.643"/>
  <system-out/>
  <testcase classname="NewTest" name="Test9" time="3.606"/>
  <system-out/>
  <testcase classname="NewTest" name="Test4" time="3.484"/>
  <system-out/>
  <testcase classname="NewTest" name="Test8" time="2.815"/>
  <system-out/>
  <testcase classname="NewTest" name="Test5" time="3.956"/>
  <system-out/>
  <testcase classname="NewTest" name="Test7" time="3.319"/>
  <system-out/>
  <testcase classname="NewTest" name="Test10" time="10.861"/>
  <system-out/>
  <testcase classname="NewTest" name="Test11" time="8.825"/>
  <system-out/>
  <testcase classname="NewTest" name="Test12" time="7.020"/>
  <system-out/>
  <testcase classname="NewTest" name="Test13" time="4.448"/>
  <system-out/>
</testsuite> <!-- NewTest -->
